[old.nios.ac.in-results.in/nosresults/nos/oldmassr.html]
[backblue.gif]
[fade.gif]
[index.html]
[nios.ac.in/css/reset.css]
[nios.ac.in/css/nios-internal.css]
[nios.ac.in/css/TJK_keyBoardDropDown.css]
[nios.ac.in/scripts/copy of leftbar.js]
[nios.ac.in/images/line.gif]
[nios.ac.in/images/textMinus.gif]
[nios.ac.in/images/textNormal.gif]
[nios.ac.in/images/textPlus.gif]
[nios.ac.in/images/standard.gif]
[nios.ac.in/images/white_on_black.gif]
[nios.ac.in/images/hindi.gif]
[nios.ac.in/images/nios-logo.png]
[nios.ac.in/images/nios-title.png]
[nios.ac.in/images/search.png]
[nios.ac.in/images/home.png]
[nios.ac.in/scripts/functions.js]
[nios.ac.in/scripts/direct.js]
[nios.ac.in/scripts/external/jquery/jquery.js]
[nios.ac.in/scripts/jquery-ui.js]
[nios.ac.in/css/jquery-ui.css]
[old.nios.ac.in-results.in/nosresults/nos/oldmassr299c.html]
[old.nios.ac.in-results.in/nosresults/nos/oldmassrdbb6.html]
[nios.ac.in/images/note.gif]
[nios.ac.in/images/new_window_external.gif]
[nios.ac.in/images/arrow-down2.png]
[nios.ac.in/images/online.png]
[nios.ac.in/images/student.png]
[nios.ac.in/images/study.png]
[nios.ac.in/images/email.png]
[old.nios.ac.in-results.in/nosresults/nos/oldmassr.html]
[nios.ac.in/css/reset.css]
[nios.ac.in/images/yellow-header-bkgd.gif]
[nios.ac.in/images/grey-corner8.gif]
[nios.ac.in/images/grey-corner7.gif]
[nios.ac.in/images/grey-corner6.gif]
[nios.ac.in/images/grey-corner5.gif]
[nios.ac.in/images/grey-dot.gif]
[nios.ac.in/images/line-fade.gif]
[nios.ac.in/images/search_icon.gif]
[nios.ac.in/images/leftNavLinks-bkgd.gif]
[nios.ac.in/images/black-arrow.gif]
[nios.ac.in/images/arrow-bullet.gif]
[nios.ac.in/images/print.png]
[nios.ac.in/images/large-print.png]
[nios.ac.in/images/grey-bkgd.gif]
[nios.ac.in/images/grey-curve1.gif]
[nios.ac.in/images/grey-curve2.gif]
[nios.ac.in/images/grey-curve3.gif]
[nios.ac.in/images/grey-curve4.gif]
[nios.ac.in/images/b-curve1.gif]
[nios.ac.in/images/b-curve2.gif]
[nios.ac.in/images/b-curve3.gif]
[nios.ac.in/images/b-curve4.gif]
[nios.ac.in/images/b-curve1a.gif]
[nios.ac.in/images/b-curve2a.gif]
[nios.ac.in/images/b-curve3a.gif]
[nios.ac.in/images/b-curve4a.gif]
[nios.ac.in/images/transparent.gif]
[nios.ac.in/images/orange-bkgd.gif]
[nios.ac.in/images/yellow-bkgd2.png]
[nios.ac.in/images/yellow-bkgd1.png]
[nios.ac.in/images/arrow1.png]
[nios.ac.in/images/yellow-bkgd3.gif]
[nios.ac.in/images/yellow-bkgd4.gif]
[nios.ac.in/images/form-bkgd.gif]
[nios.ac.in/images/tel.png]
[nios.ac.in/images/fax.png]
[nios.ac.in/images/email2.png]
[nios.ac.in/images/web.png]
[nios.ac.in/images/mobile.png]
[nios.ac.in/images/arrow-top.gif]
[nios.ac.in/images/footer-shadow.png]
[nios.ac.in/css/nios-internal.css]
[nios.ac.in/images/navmenu-bkgd.gif]
[nios.ac.in/images/white-dot.gif]
[nios.ac.in/images/navmenu-curve1.gif]
[nios.ac.in/images/navmenu-curve2.gif]
[nios.ac.in/images/navmenu-curve3.gif]
[nios.ac.in/images/navmenu-curve4.gif]
[nios.ac.in/images/arrow-down.gif]
[nios.ac.in/css/TJK_keyBoardDropDown.css]
[nios.ac.in/images/ui-icons_ffffff_256x240.png]
[nios.ac.in/images/ui-icons_ef8c08_256x240.png]
[nios.ac.in/images/ui-icons_228ef1_256x240.png]
[nios.ac.in/images/ui-icons_ffd27a_256x240.png]
[nios.ac.in/css/jquery-ui.css]
[old.nios.ac.in-results.in/nosresults/nos/results.html]
[old.nios.ac.in-results.in/nosresults/nos/oldmassr299c.html]
[old.nios.ac.in-results.in/nosresults/nos/oldmassrdbb6.html]
[old.nios.ac.in-results.in/images/pdf_icon.html]
[old.nios.ac.in-results.in/images/new_window_icon.html]
[old.nios.ac.in-results.in/nosresults/nos/index1.html]
[old.nios.ac.in-results.in/images/new_window_external.html]
[nios.ac.in/css/images/ui-bg_highlight-soft_100_eeeeee_1x100.html]
[nios.ac.in/css/images/ui-bg_gloss-wave_35_f6a828_500x100.html]
[nios.ac.in/css/images/ui-bg_glass_100_f6f6f6_1x400.html]
[nios.ac.in/css/images/ui-bg_glass_100_fdf5ce_1x400.html]
[nios.ac.in/css/images/ui-bg_glass_65_ffffff_1x400.html]
[nios.ac.in/css/images/ui-bg_highlight-soft_75_ffe45c_1x100.html]
[nios.ac.in/css/images/ui-bg_diagonals-thick_18_b81900_40x40.html]
[nios.ac.in/css/images/ui-icons_222222_256x240.html]
[nios.ac.in/css/images/ui-bg_diagonals-thick_20_666666_40x40.html]
[nios.ac.in/css/images/ui-bg_flat_10_000000_40x100.html]
